info: [object Object],[object Object]
info: [object Object]
info: Accept,*/*,User-Agent,node-fetch/1.0 (+https://github.com/bitinn/node-fetch),Accept-Encoding,gzip,deflate,Connection,close,Host,localhost:8087
undefined [undefined] info: Server is listening on port 8087
undefined [undefined] info: Accept,*/*,User-Agent,node-fetch/1.0 (+https://github.com/bitinn/node-fetch),Accept-Encoding,gzip,deflate,Connection,close,Host,localhost:8087
2023-06-15T01:54:19.601Z [right meow!] info: Server is listening on port 8087
2023-06-15T01:55:32.527Z [right meow!] info: Accept,*/*,User-Agent,node-fetch/1.0 (+https://github.com/bitinn/node-fetch),Accept-Encoding,gzip,deflate,Connection,close,Host,localhost:8087
2023-06-15T02:08:05.470Z [undefined] info: Server is listening on port 8087
2023-06-15T02:15:09.194Z-info: Server is listening on port 8087
2023-06-15T02:41:23.470Z-info: Server is listening on port 8087
2023-06-15T02:42:21.015Z-info: Server is listening on port 8087
2023-06-15T02:42:37.500Z-info: Server is listening on port 8087
2023-06-15T02:42:59.142Z-info: Server is listening on port 8087
2023-06-15T02:43:00.804Z-info: Accept,*/*,User-Agent,node-fetch/1.0 (+https://github.com/bitinn/node-fetch),Accept-Encoding,gzip,deflate,Connection,close,Host,localhost:8087
2023-06-15T02:43:09.416Z-info: Accept,*/*,User-Agent,node-fetch/1.0 (+https://github.com/bitinn/node-fetch),Accept-Encoding,gzip,deflate,Connection,close,Host,localhost:8087
2023-06-15T02:43:10.086Z-info: Accept,*/*,User-Agent,node-fetch/1.0 (+https://github.com/bitinn/node-fetch),Accept-Encoding,gzip,deflate,Connection,close,Host,localhost:8087
2023-06-15T02:43:32.056Z-info: Server is listening on port 8087
2023-06-15T02:43:36.359Z-info: Accept,*/*,User-Agent,node-fetch/1.0 (+https://github.com/bitinn/node-fetch),Accept-Encoding,gzip,deflate,Connection,close,Host,localhost:8087
2023-06-15T02:44:45.102Z-info: Server is listening on port 8087
2023-06-15T02:44:47.482Z-info: Accept,*/*,User-Agent,node-fetch/1.0 (+https://github.com/bitinn/node-fetch),Accept-Encoding,gzip,deflate,Connection,close,Host,localhost:8087
2023-06-15T02:46:37.712Z-info: Server is listening on port 8087
2023-06-15T02:46:44.874Z-info: Accept,*/*,User-Agent,node-fetch/1.0 (+https://github.com/bitinn/node-fetch),Accept-Encoding,gzip,deflate,Connection,close,Host,localhost:8087
2023-06-16T01:24:27.683Z-info: Server is listening on port 8087
2023-06-16T01:27:01.564Z-info: Server is listening on port 8087
2023-06-16T01:28:57.380Z-info: Server is listening on port 8087
2023-06-16T01:29:13.647Z-info: Server is listening on port 8087
2023-06-16T01:59:13.110Z-info: Server is listening on port 8087
2023-06-16T02:01:19.428Z-info: Server is listening on port 8087
2023-06-16T02:25:17.037Z-info: Server is listening on port 8087
2023-06-17T00:47:51.941Z-info: Server is listening on port 8087
2023-06-17T00:54:21.105Z-info: Server is listening on port 8087
2023-06-17T00:54:36.519Z-info: Server is listening on port 8087
2023-06-17T01:19:37.867Z-info: Server is listening on port 8087
2023-06-17T01:20:36.222Z-info: Server is listening on port 8087
2023-06-17T01:24:03.731Z-info: Server is listening on port 8087
2023-06-17T01:24:11.651Z-info: [object Object]
2023-06-17T01:24:29.648Z-info: Server is listening on port 8087
2023-06-17T01:25:05.448Z-info: Server is listening on port 8087
2023-06-17T01:41:35.959Z-info: Server is listening on port 8087
2023-06-17T01:46:49.735Z-info: Server is listening on port 8087
2023-06-17T01:52:06.679Z-info: Server is listening on port 8087
2023-06-17T01:52:51.666Z-info: Server is listening on port 8087
2023-06-17T01:59:00.539Z-info: Server is listening on port 8087
2023-06-17T02:00:15.326Z-info: Server is listening on port 8087
2023-06-17T02:00:46.276Z-info: Server is listening on port 8087
2023-06-17T02:06:35.496Z-info: Server is listening on port 8087
2023-06-20T01:44:44.850Z-error: Dabase Error
2023-06-20T01:45:30.354Z-error: Dabase Error
2023-06-20T01:46:00.712Z-error: Dabase Error
2023-06-20T01:50:39.496Z-error: Dabase Error
2023-06-20T01:51:14.659Z-error: Dabase Error
2023-06-20T02:07:17.298Z-error: Dabase Error
2023-06-20T02:11:05.205Z-error: Dabase Error
2023-06-20T02:12:03.094Z-error: Dabase Error
2023-06-20T02:19:20.075Z-error: Dabase Error
2023-06-22T01:00:25.075Z-info: Server is listening on port 8087
2023-06-22T01:02:27.896Z-info: Server is listening on port 8087
2023-06-22T01:03:00.766Z-info: Server is listening on port 8087
2023-06-22T01:03:03.256Z-error: Unexpected token } in JSON at position 94
2023-06-22T01:05:29.536Z-info: Server is listening on port 8087
2023-06-22T01:05:32.138Z-error: Unexpected token } in JSON at position 94
2023-06-22T01:06:00.575Z-error: Unexpected token ' in JSON at position 16
2023-06-22T01:09:19.291Z-info: Server is listening on port 8087
2023-06-22T01:11:29.508Z-info: Server is listening on port 8087
2023-06-22T01:11:32.027Z-error: database "gestion_cita1" does not exist
2023-06-22T01:14:26.367Z-info: Server is listening on port 8087
2023-06-22T01:14:29.015Z-error: database "gestion_cita1" does not exist
2023-06-22T01:15:06.616Z-info: Server is listening on port 8087
2023-06-22T01:15:09.123Z-error: database "gestion_cita1" does not exist
2023-06-22T01:15:09.123Z-error: Error creating doctor: error: database "gestion_cita1" does not exist
2023-06-22T01:15:22.358Z-error: database "gestion_cita1" does not exist
2023-06-22T01:15:22.358Z-error: Error creating doctor: error: database "gestion_cita1" does not exist
2023-06-22T01:16:26.423Z-info: Server is listening on port 8087
2023-06-22T01:16:29.269Z-error: Error creating doctor: error: database "gestion_cita1" does not exist
2023-06-22T01:18:02.786Z-error: Internal Server Error
2023-06-22T01:19:08.626Z-error: Internal Server Error
2023-06-22T01:19:16.801Z-error: Internal Server Error
2023-06-22T01:19:47.999Z-error: Internal Server Error
2023-06-22T01:20:33.396Z-error: Internal Server Error
2023-06-22T01:22:44.205Z-error: Internal Server Error
2023-06-22T01:24:40.933Z-error: Internal Server Error
2023-06-22T01:32:52.638Z-info: Server is listening on port 8087
2023-06-22T01:32:55.481Z-error: Failed to create doctor
2023-06-22T01:33:50.824Z-info: Server is listening on port 8087
2023-06-22T01:33:51.958Z-error: Failed to create doctor
2023-06-22T01:34:08.046Z-info: Server is listening on port 8087
2023-06-22T01:34:09.975Z-error: Failed to create doctor
2023-06-22T01:36:00.010Z-info: Server is listening on port 8087
2023-06-22T01:36:05.413Z-error: Failed to create doctor repository
2023-06-22T01:36:53.626Z-info: Server is listening on port 8087
2023-06-22T01:36:55.931Z-error: Failed to create doctor dubt: error: database "gestion_cita1" does not exist
2023-06-22T01:39:07.486Z-error: Failed to create doctor dubt: error: database "gestion_cita1" does not exist
2023-06-22T01:44:54.065Z-info: Server is listening on port 8087
2023-06-22T01:45:03.544Z-error: Failed to create doctor dubt: error: database "gestion_cita1" does not exist
2023-06-22T01:45:21.601Z-info: Server is listening on port 8087
2023-06-22T01:45:26.417Z-error: Failed to create doctor dubt: error: database "gestion_cita1" does not exist
2023-06-22T01:48:04.542Z-info: Server is listening on port 8087
2023-06-22T01:48:06.008Z-error: Failed to create doctor dubt: error: database "gestion_cita1" does not exist
2023-06-22T02:28:09.676Z-info: Server is listening on port 8087
2023-06-22T02:28:21.280Z-error: Record has not found yet
2023-06-22T02:30:25.713Z-info: Server is listening on port 8087
2023-06-22T02:30:36.460Z-error: Record has not found yet
2023-06-22T02:31:30.978Z-info: Server is listening on port 8087
2023-06-22T02:31:34.828Z-info: 1
2023-06-22T02:31:34.848Z-error: Record has not found yet
2023-06-22T02:32:01.018Z-info: Server is listening on port 8087
2023-06-22T02:32:01.317Z-info: 1
2023-06-22T02:32:01.334Z-error: Record has not found yet
2023-06-22T02:32:32.769Z-info: Server is listening on port 8087
2023-06-22T02:32:35.302Z-info: 1
2023-06-22T02:32:35.323Z-error: Record has not found yet
2023-06-22T02:34:39.706Z-info: Server is listening on port 8087
2023-06-22T02:34:41.140Z-info: 1
2023-06-22T02:34:41.157Z-error: Failed get doctor by id in repository
2023-06-22T02:34:41.157Z-error: Record has not found yet
2023-06-22T02:35:13.681Z-info: Server is listening on port 8087
2023-06-22T02:35:16.072Z-info: 1
2023-06-22T02:35:16.091Z-error: Record has not found yet
2023-06-22T02:36:03.449Z-info: Server is listening on port 8087
2023-06-22T02:36:03.830Z-info: 1
2023-06-22T02:36:03.877Z-error: Failed get doctor by id in repository
2023-06-22T02:36:03.878Z-error: Record has not found yet
2023-06-22T02:37:09.643Z-info: Server is listening on port 8087
2023-06-22T02:37:11.652Z-info: 1
2023-06-22T02:42:19.366Z-error: Internal Server Error
2023-06-22T02:42:55.239Z-error: Internal Server Error
2023-06-22T02:43:11.640Z-error: Internal Server Error
2023-06-22T02:45:05.590Z-error: Internal Server Error
2023-06-22T02:45:05.594Z-error: Record has not found yet
2023-06-22T02:45:38.105Z-error: Internal Server Error
2023-06-22T02:45:38.110Z-error: Record has not found yet
2023-06-22T02:46:06.303Z-error: Internal Server Error
2023-06-22T02:46:06.307Z-error: Record has not found yet
2023-06-22T02:46:22.396Z-error: Internal Server Error
2023-06-22T02:46:22.400Z-error: Record has not found yet
2023-06-22T02:46:29.887Z-error: Internal Server Error
2023-06-22T02:46:29.891Z-error: Record has not found yet
2023-06-22T02:48:14.326Z-error: Internal Server Error
2023-06-22T02:48:14.330Z-error: Record has not found yet
2023-06-22T02:48:14.331Z-error: Internal Server Error
2023-06-22T02:48:37.967Z-error: Internal Server Error
2023-06-22T02:48:37.970Z-error: Record has not found yet
2023-06-22T02:48:37.971Z-error: Internal Server Error
2023-06-22T02:51:42.196Z-error: Internal Server Error
2023-06-22T02:51:42.201Z-error: Record has not found yet
2023-06-22T02:51:42.202Z-error: Internal Server Error
2023-06-22T02:51:49.412Z-error: Internal Server Error
2023-06-22T02:51:49.417Z-error: Record has not found yet
2023-06-22T02:51:49.419Z-error: Internal Server Error
2023-06-22T02:53:04.812Z-error: Internal Server Error
2023-06-22T02:53:04.816Z-error: Record has not found yet
2023-06-22T02:53:04.817Z-error: Internal Server Error
2023-06-22T02:53:27.789Z-error: Internal Server Error
2023-06-22T02:53:27.793Z-error: Record has not found yet
2023-06-22T02:53:27.794Z-error: Internal Server Error
2023-06-22T02:53:40.236Z-error: Internal Server Error
2023-06-22T02:53:40.241Z-error: Record has not found yet
2023-06-22T02:53:40.241Z-error: Internal Server Error
2023-06-22T02:56:15.271Z-error: Internal Server Error
2023-06-22T02:56:15.280Z-error: Record has not found yet
2023-06-22T02:56:15.281Z-error: Internal Server Error
2023-06-22T02:57:38.625Z-error: Internal Server Error
2023-06-22T02:57:38.628Z-error: Record has not found yet
2023-06-22T02:57:38.629Z-error: Internal Server Error
2023-06-23T00:57:57.637Z-info: Server is listening on port 8087
2023-06-23T00:58:31.388Z-info: Server is listening on port 8087
2023-06-23T00:59:18.508Z-error: Failed to update doctor from service
2023-06-23T00:59:18.509Z-error: Failed to update doctor
2023-06-23T01:00:02.129Z-info: Server is listening on port 8087
2023-06-23T01:00:05.291Z-error: Failed to update doctor from service
2023-06-23T01:00:05.291Z-error: Failed to update doctor
2023-06-23T01:09:07.950Z-info: Server is listening on port 8087
2023-06-23T01:10:00.884Z-info: Server is listening on port 8087
2023-06-23T01:29:26.385Z-info: Server is listening on port 8087
2023-06-23T01:30:48.500Z-info: Server is listening on port 8087
2023-06-23T01:30:52.709Z-error: Failed get patient by id in repository
2023-06-23T01:30:52.709Z-error: Record has not found yet
2023-06-23T01:32:58.841Z-error: Record has not found yet
2023-06-23T01:35:37.612Z-info: Server is listening on port 8087
2023-06-23T01:35:39.741Z-error: Failed get patient by id in repository
2023-06-23T01:35:39.741Z-error: Record has not found yet
2023-06-23T01:38:30.134Z-info: Server is listening on port 8087
2023-06-23T01:38:36.213Z-error: Failed get patient by id in repository
2023-06-23T01:38:36.213Z-error: Record has not found yet
2023-06-23T01:41:38.754Z-info: Server is listening on port 8087
2023-06-23T01:41:49.636Z-error: Id must be a number
2023-06-23T02:38:41.747Z-info: Server is listening on port 8087
2023-06-23T02:51:24.466Z-info: Server is listening on port 8087
2023-06-24T02:22:47.039Z-info: Server is listening on port 8087
2023-06-24T02:23:11.934Z-info: Server is listening on port 8087
2023-06-24T02:23:13.727Z-error: Failed get appointment by id in repository
2023-06-24T02:23:13.727Z-error: Failed to get appointment from service
2023-06-24T02:23:13.728Z-error: Record has not found yet
2023-06-24T02:23:41.122Z-info: Server is listening on port 8087
2023-06-24T02:24:51.874Z-info: Server is listening on port 8087
2023-06-24T02:25:08.106Z-info: Server is listening on port 8087
2023-06-24T02:25:37.075Z-info: Server is listening on port 8087
2023-06-24T02:25:58.398Z-info: Server is listening on port 8087
2023-06-24T02:26:18.234Z-info: Server is listening on port 8087
2023-06-24T02:26:33.590Z-info: Server is listening on port 8087
2023-06-24T02:27:04.052Z-info: Server is listening on port 8087
2023-06-24T02:28:06.570Z-info: Server is listening on port 8087
2023-06-24T02:28:08.476Z-error: database "gestion_citas1" does not exist
2023-06-24T02:28:51.489Z-info: Server is listening on port 8087
2023-06-24T02:28:53.679Z-error: database "gestion_citas1" does not exist
2023-06-24T02:28:53.679Z-error: Failed getting all appointments from service
2023-06-24T02:30:49.304Z-info: Server is listening on port 8087
2023-06-24T02:30:50.112Z-error: database "gestion_citas1" does not exist
2023-06-24T02:30:50.112Z-error: Failed getting all appointments from service aca
2023-06-24T02:40:04.003Z-info: Server is listening on port 8087
2023-06-24T02:40:42.052Z-info: Server is listening on port 8087
2023-06-24T02:40:46.437Z-error: Failed to create doctor dubt: error: database "gestion_citas1" does not exist
2023-06-24T02:40:59.263Z-info: Server is listening on port 8087
2023-07-16T00:17:35.734Z-info: Server is listening on port 8087
2023-07-16T00:27:24.458Z-info: Server is listening on port 8087
2023-07-17T03:05:40.790Z-info: Server is listening on port 8087
2023-07-17T03:09:35.033Z-info: Server is listening on port 8087
2023-07-17T03:11:09.674Z-error: connect ECONNREFUSED ::1:5433
2023-07-17T03:11:09.674Z-error: Failed getting all appointments from service
2023-07-17T03:14:07.952Z-info: Server is listening on port 8087
2023-07-17T03:15:11.482Z-error: connect ECONNREFUSED ::1:5433
2023-07-17T03:15:11.483Z-error: Failed getting all appointments from service
2023-07-17T03:15:15.624Z-error: connect ECONNREFUSED ::1:5433
2023-07-17T03:15:15.625Z-error: Failed getting all appointments from service
2023-07-17T03:16:51.804Z-info: Server is listening on port 8087
2023-07-17T03:16:56.254Z-error: connect ECONNREFUSED ::1:5433
2023-07-17T03:16:56.254Z-error: Failed getting all appointments from service
2023-07-17T03:18:06.480Z-info: Server is listening on port 8087
2023-07-17T03:18:27.339Z-info: Server is listening on port 8087
2023-07-17T03:18:34.185Z-error: select * from "citas1" - relation "citas1" does not exist
2023-07-17T03:18:34.186Z-error: Failed getting all appointments from service
2023-07-17T03:19:16.531Z-info: Server is listening on port 8087
2023-07-17T03:19:58.358Z-info: Server is listening on port 8087
2023-07-17T04:35:06.293Z-info: Server is listening on port 8087
2023-07-17T04:35:20.583Z-info: Server is listening on port 8087
2023-07-17T04:35:29.487Z-info: Server is listening on port 8087
2023-07-17T04:35:30.948Z-info: Server is listening on port 8087
2023-07-17T04:36:18.428Z-info: Server is listening on port 8087
2023-07-17T04:36:22.933Z-info: Server is listening on port 8087
2023-07-17T04:36:24.625Z-info: Server is listening on port 8087
2023-07-17T04:36:39.338Z-info: Server is listening on port 8087
2023-07-17T04:37:52.339Z-info: Server is listening on port 8087
2023-07-17T04:39:08.651Z-info: Server is listening on port 8087
2023-07-17T04:40:59.365Z-info: Server is listening on port 8087
2023-07-17T04:46:22.123Z-error: Failed to create doctor dubt: error: insert into "doctores" ("apellido", "consultorio", "correo", "especialidad", "nombre") values ($1, $2, $3, $4, $5) returning * - relation "doctores" does not exist
2023-07-17T04:47:37.347Z-info: Server is listening on port 8087
2023-07-17T04:47:40.478Z-error: Failed to create doctor dubt: error: insert into "doctores" ("apellido", "consultorio", "correo", "especialidad", "nombre") values ($1, $2, $3, $4, $5) returning * - relation "doctores" does not exist
2023-07-17T04:48:10.330Z-info: Server is listening on port 8087
2023-07-17T04:48:26.122Z-info: Server is listening on port 8087
2023-07-17T04:50:13.550Z-info: Server is listening on port 8087
2023-07-17T04:52:51.372Z-info: Server is listening on port 8087
2023-07-17T04:54:09.996Z-info: Server is listening on port 8087
2023-07-17T04:54:36.229Z-info: Server is listening on port 8087
2023-07-17T04:54:40.253Z-error: Failed to create doctor dubt: error: insert into "doctores" ("apellido", "consultorio", "correo", "especialidad", "nombre") values ($1, $2, $3, $4, $5) returning * - relation "doctores" does not exist
2023-07-17T04:58:46.647Z-info: Server is listening on port 8087
2023-07-17T04:59:59.725Z-info: Server is listening on port 8087
2023-07-17T05:01:31.503Z-info: Server is listening on port 8087
2023-07-17T05:02:09.900Z-error: Failed to create appointment from service
2023-07-17T05:02:49.383Z-error: Failed to create appointment from service
2023-07-17T05:08:37.245Z-info: Server is listening on port 8087
2023-07-17T05:08:43.369Z-error: Failed to create appointment from service
2023-07-17T05:10:58.690Z-info: Server is listening on port 8087
2023-07-17T05:11:07.452Z-info: Server is listening on port 8087
2023-07-17T05:12:06.396Z-info: Server is listening on port 8087
2023-07-17T05:12:10.975Z-error: Failed to create appointment from service
2023-07-17T05:12:38.236Z-info: Server is listening on port 8087
2023-07-17T05:13:07.515Z-error: Failed to create appointment from service
2023-07-17T05:13:59.664Z-info: Server is listening on port 8087
2023-07-17T05:14:03.210Z-error: Failed to create appointment from service
2023-07-17T05:14:11.884Z-info: Server is listening on port 8087
2023-07-17T05:15:02.031Z-info: Server is listening on port 8087
2023-07-17T05:15:14.288Z-info: Server is listening on port 8087
2023-07-17T05:15:18.067Z-error: Failed to create appointment from service
2023-07-17T05:15:27.665Z-info: Server is listening on port 8087
2023-07-17T05:15:30.559Z-info: Server is listening on port 8087
2023-07-17T05:15:34.904Z-info: Server is listening on port 8087
2023-07-17T05:16:21.588Z-info: Server is listening on port 8087
2023-07-17T05:16:24.552Z-error: Failed to create appointment from service
2023-07-17T05:19:28.760Z-error: select * from "citas" - relation "citas" does not exist
2023-07-17T05:19:28.761Z-error: Failed getting all appointments from service
2023-07-17T05:19:44.892Z-info: Server is listening on port 8087
2023-07-17T05:38:19.501Z-info: Server is listening on port 8087
2023-07-17T05:38:26.450Z-error: select * from "citas" - relation "citas" does not exist
2023-07-17T05:38:26.450Z-error: Failed getting all appointments from service
2023-07-17T13:46:23.547Z-info: Server is listening on port 8087
2023-07-17T13:46:52.362Z-error: Failed to create appointment from service
2023-07-17T13:52:00.759Z-info: Server is listening on port 8087
2023-07-17T14:07:15.805Z-info: Server is listening on port 8087
2023-07-17T14:18:30.096Z-info: Server is listening on port 8087
2023-07-17T14:19:30.929Z-info: Server is listening on port 8087
2023-07-17T14:20:07.231Z-info: Server is listening on port 8087
2023-07-17T14:24:25.340Z-info: Server is listening on port 8087
2023-07-17T14:33:18.824Z-info: Server is listening on port 8087
2023-07-17T14:33:37.749Z-error: Failed to delete doctor from service
2023-07-17T14:33:37.750Z-error: Failed to delete doctor
2023-07-17T14:35:16.864Z-error: Failed to delete doctor from service
2023-07-17T14:35:16.865Z-error: Failed to delete doctor
2023-07-17T14:35:48.202Z-info: Server is listening on port 8087
2023-07-17T14:35:49.464Z-info: Server is listening on port 8087
2023-07-17T14:38:13.372Z-error: Failed to delete doctor from service
2023-07-17T14:38:13.372Z-error: Failed to delete doctor
2023-07-17T14:47:09.376Z-error: Failed to create appointment from service
2023-07-17T14:52:07.418Z-info: Server is listening on port 8087
2023-07-17T14:52:23.068Z-error: Failed to delete doctor from service
2023-07-17T14:52:23.069Z-error: Failed to delete doctor
2023-07-17T15:04:55.672Z-info: Server is listening on port 8087
2023-07-17T15:05:02.965Z-info: Server is listening on port 8087
2023-07-17T15:08:04.416Z-info: Server is listening on port 8087
2023-07-17T15:08:07.214Z-info: Server is listening on port 8087
2023-07-17T15:08:14.395Z-info: Server is listening on port 8087
2023-07-17T15:08:28.323Z-info: Server is listening on port 8087
2023-07-17T15:12:20.465Z-info: Server is listening on port 8087
2023-07-17T15:17:12.266Z-info: Server is listening on port 8087
2023-07-17T15:17:44.340Z-info: Server is listening on port 8087
2023-07-17T15:18:20.629Z-info: Server is listening on port 8087
2023-07-17T15:22:17.800Z-info: Server is listening on port 8087
2023-07-17T15:28:29.362Z-info: Server is listening on port 8087
2023-07-17T15:31:30.606Z-error: Failed to create patient dubt: error: insert into "pacientes" ("apellido", "createdAt", "identificacion", "nombre", "telefono", "updatedAt") values ($1, $2, $3, $4, DEFAULT, $5) returning * - column "createdAt" of relation "pacientes" does not exist
2023-07-17T15:36:28.711Z-info: Server is listening on port 8087
2023-07-17T16:57:03.252Z-error: Failed updated doctor in repository
2023-07-17T16:57:39.777Z-info: Server is listening on port 8087
2023-07-17T16:57:46.633Z-error: Failed updated doctor in repository
2023-07-17T16:58:57.089Z-info: Server is listening on port 8087
2023-07-17T16:59:05.365Z-error: Failed updated doctor in repository
2023-07-17T16:59:14.739Z-info: Server is listening on port 8087
2023-07-17T16:59:28.187Z-info: Server is listening on port 8087
2023-07-17T17:08:40.164Z-info: Server is listening on port 8087
2023-07-17T17:16:30.955Z-info: Server is listening on port 8087
2023-07-17T17:16:33.013Z-info: Server is listening on port 8087
2023-07-17T17:16:35.896Z-error: Failed updated patient in repository
2023-07-17T17:16:35.896Z-error: Failed to update patient from service
2023-07-17T17:16:35.897Z-error: Failed to update patient
2023-07-17T17:16:41.383Z-error: Failed updated patient in repository
2023-07-17T17:16:41.384Z-error: Failed to update patient from service
2023-07-17T17:16:41.385Z-error: Failed to update patient
2023-07-17T17:19:04.470Z-info: Server is listening on port 8087
2023-07-17T17:30:42.954Z-info: Server is listening on port 8087
2023-07-17T17:40:18.465Z-info: Server is listening on port 8087
2023-07-17T17:42:30.653Z-info: Server is listening on port 8087
2023-07-17T17:43:37.366Z-info: Server is listening on port 8087
2023-07-17T17:48:52.365Z-error: Failed get doctor by id in repository
2023-07-17T17:48:52.366Z-error: Failed to create appointment from service
2023-07-17T17:49:01.379Z-error: Failed get doctor by id in repository
2023-07-17T17:49:01.381Z-error: Failed to create appointment from service
2023-07-17T17:50:16.283Z-error: Failed to create appointment from service
2023-07-17T17:50:54.383Z-error: Failed to create appointment from service
2023-07-17T17:53:09.319Z-info: Server is listening on port 8087
2023-07-17T17:58:57.202Z-info: Server is listening on port 8087
2023-07-17T17:58:59.527Z-info: Server is listening on port 8087
2023-07-17T17:59:46.680Z-error: Failed to create appointment from service
2023-07-17T18:04:08.273Z-error: Record has not found yet
2023-07-17T18:04:08.280Z-error: Internal Server Error
2023-07-17T18:08:25.278Z-error: Record has not found yet
2023-07-17T18:08:25.285Z-error: Internal Server Error
2023-07-17T18:18:39.296Z-info: Server is listening on port 8087
2023-07-17T18:19:25.037Z-error: Record has not found yet
2023-07-17T18:19:25.043Z-error: Internal Server Error
2023-07-17T18:20:40.204Z-error: Record has not found yet
2023-07-17T18:20:40.210Z-error: Internal Server Error
2023-07-17T18:22:37.328Z-error: Record has not found yet
2023-07-17T18:22:37.336Z-error: Internal Server Error
2023-07-17T18:24:08.284Z-error: Record has not found yet
2023-07-17T18:24:08.293Z-error: Internal Server Error
2023-07-17T18:26:09.683Z-error: Record has not found yet
2023-07-17T18:26:09.689Z-error: Internal Server Error
2023-07-17T18:29:30.784Z-error: Record has not found yet
2023-07-17T18:29:30.789Z-error: Internal Server Error
2023-07-17T18:32:25.599Z-error: Record has not found yet
2023-07-17T18:32:25.606Z-error: Internal Server Error
2023-07-17T18:40:05.533Z-error: Record has not found yet
2023-07-17T18:40:05.540Z-error: Internal Server Error
2023-07-17T18:41:56.196Z-error: Record has not found yet
2023-07-17T18:41:56.202Z-error: Internal Server Error
2023-07-17T18:42:50.427Z-error: Record has not found yet
2023-07-17T18:42:50.433Z-error: Internal Server Error
2023-07-17T18:44:58.125Z-error: Record has not found yet
2023-07-17T18:44:58.130Z-error: Internal Server Error
2023-07-17T18:47:12.907Z-error: Record has not found yet
2023-07-17T18:47:12.915Z-error: Internal Server Error
2023-07-17T18:58:43.966Z-error: Record has not found yet
2023-07-17T18:58:43.975Z-error: Internal Server Error
2023-07-17T19:02:14.135Z-error: Record has not found yet
2023-07-17T19:02:14.143Z-error: Internal Server Error
2023-07-17T19:06:37.252Z-error: Record has not found yet
2023-07-17T19:06:37.258Z-error: Internal Server Error
2023-07-17T19:13:03.914Z-error: Record has not found yet
2023-07-17T19:13:03.921Z-error: Internal Server Error
2023-07-17T19:18:13.346Z-error: Record has not found yet
2023-07-17T19:18:13.355Z-error: Internal Server Error
2023-07-17T19:20:53.379Z-error: Record has not found yet
2023-07-17T19:20:53.389Z-error: Internal Server Error
2023-07-17T20:05:55.677Z-error: Record has not found yet
2023-07-17T20:06:13.786Z-error: Record has not found yet
2023-07-17T20:06:13.793Z-error: Internal Server Error
2023-07-17T20:07:21.181Z-error: Record has not found yet
2023-07-17T20:07:21.189Z-error: Internal Server Error
2023-07-19T04:45:40.523Z-info: Server is listening on port 8087
2023-07-19T04:47:31.985Z-error: Failed to update doctor from service
2023-07-19T04:47:31.986Z-error: Failed to update Doctor
2023-07-19T04:48:49.697Z-info: Server is listening on port 8087
2023-07-19T04:48:53.800Z-error: Failed to update doctor from service
2023-07-19T04:48:53.802Z-error: Failed to update Doctor
2023-07-19T04:49:14.665Z-error: Failed to delete doctor from service
2023-07-19T04:49:14.667Z-error: Failed to delete Doctor
2023-07-19T04:50:01.626Z-info: Server is listening on port 8087
2023-07-19T05:15:08.796Z-info: Server is listening on port 8087
2023-07-19T05:15:34.316Z-error: Internal Server Error
2023-07-19T05:15:34.354Z-error: Internal Server Error
2023-07-19T05:15:34.359Z-error: Cannot read properties of undefined (reading 'id')
2023-07-19T05:15:34.364Z-error: Cannot read properties of undefined (reading 'id')
2023-07-19T05:15:34.368Z-error: Cannot read properties of undefined (reading 'id')
2023-07-19T05:15:34.371Z-error: Cannot read properties of undefined (reading 'id')
2023-07-19T05:15:34.374Z-error: Cannot read properties of undefined (reading 'id')
2023-07-19T05:15:34.377Z-error: Cannot read properties of undefined (reading 'id')
2023-07-19T05:15:34.337Z-error: Internal Server Error
2023-07-19T05:15:34.365Z-error: Internal Server Error
2023-07-19T05:15:34.372Z-error: Cannot read properties of undefined (reading 'id')
2023-07-19T05:15:34.376Z-error: Cannot read properties of undefined (reading 'id')
2023-07-19T05:15:34.380Z-error: Cannot read properties of undefined (reading 'id')
2023-07-19T05:15:34.384Z-error: Cannot read properties of undefined (reading 'id')
2023-07-19T05:15:34.386Z-error: Cannot read properties of undefined (reading 'id')
2023-07-19T05:15:34.389Z-error: Cannot read properties of undefined (reading 'id')
2023-07-19T05:15:34.558Z-error: Record has not found yet
2023-07-19T05:15:34.566Z-error: Internal Server Error
2023-07-19T05:20:28.629Z-error: Record has not found yet
2023-07-19T05:20:28.640Z-error: Internal Server Error
2023-07-19T05:20:28.829Z-error: Internal Server Error
2023-07-19T05:20:28.857Z-error: Internal Server Error
2023-07-19T05:20:28.863Z-error: Cannot read properties of undefined (reading 'id')
2023-07-19T05:20:28.866Z-error: Cannot read properties of undefined (reading 'id')
2023-07-19T05:20:28.867Z-error: Cannot read properties of undefined (reading 'id')
2023-07-19T05:20:28.870Z-error: Cannot read properties of undefined (reading 'id')
2023-07-19T05:20:28.872Z-error: Cannot read properties of undefined (reading 'id')
2023-07-19T05:20:28.873Z-error: Cannot read properties of undefined (reading 'id')
2023-07-19T05:20:28.844Z-error: Internal Server Error
2023-07-19T05:20:28.871Z-error: Internal Server Error
2023-07-19T05:20:28.877Z-error: Cannot read properties of undefined (reading 'id')
2023-07-19T05:20:28.879Z-error: Cannot read properties of undefined (reading 'id')
2023-07-19T05:20:28.882Z-error: Cannot read properties of undefined (reading 'id')
2023-07-19T05:20:28.884Z-error: Cannot read properties of undefined (reading 'id')
2023-07-19T05:20:28.886Z-error: Cannot read properties of undefined (reading 'id')
2023-07-19T05:20:28.889Z-error: Cannot read properties of undefined (reading 'id')
2023-07-19T05:21:58.511Z-error: Record has not found yet
2023-07-19T05:21:58.519Z-error: Internal Server Error
2023-07-19T05:21:58.687Z-error: Internal Server Error
2023-07-19T05:21:58.716Z-error: Internal Server Error
2023-07-19T05:21:58.720Z-error: Cannot read properties of undefined (reading 'id')
2023-07-19T05:21:58.721Z-error: Cannot read properties of undefined (reading 'id')
2023-07-19T05:21:58.723Z-error: Cannot read properties of undefined (reading 'id')
2023-07-19T05:21:58.726Z-error: Cannot read properties of undefined (reading 'id')
2023-07-19T05:21:58.729Z-error: Cannot read properties of undefined (reading 'id')
2023-07-19T05:21:58.732Z-error: Cannot read properties of undefined (reading 'id')
2023-07-19T05:21:58.706Z-error: Internal Server Error
2023-07-19T05:21:58.732Z-error: Internal Server Error
2023-07-19T05:21:58.741Z-error: Cannot read properties of undefined (reading 'id')
2023-07-19T05:21:58.743Z-error: Cannot read properties of undefined (reading 'id')
2023-07-19T05:21:58.745Z-error: Cannot read properties of undefined (reading 'id')
2023-07-19T05:21:58.747Z-error: Cannot read properties of undefined (reading 'id')
2023-07-19T05:21:58.749Z-error: Cannot read properties of undefined (reading 'id')
2023-07-19T05:21:58.750Z-error: Cannot read properties of undefined (reading 'id')
2023-07-19T05:22:51.941Z-error: Record has not found yet
2023-07-19T05:22:51.951Z-error: Internal Server Error
2023-07-19T05:22:51.874Z-error: Internal Server Error
2023-07-19T05:22:51.900Z-error: Internal Server Error
2023-07-19T05:22:51.904Z-error: Cannot read properties of undefined (reading 'id')
2023-07-19T05:22:51.906Z-error: Cannot read properties of undefined (reading 'id')
2023-07-19T05:22:51.908Z-error: Cannot read properties of undefined (reading 'id')
2023-07-19T05:22:51.911Z-error: Cannot read properties of undefined (reading 'id')
2023-07-19T05:22:51.913Z-error: Cannot read properties of undefined (reading 'id')
2023-07-19T05:22:51.915Z-error: Cannot read properties of undefined (reading 'id')
2023-07-19T05:22:52.230Z-error: Internal Server Error
2023-07-19T05:22:52.241Z-error: Internal Server Error
2023-07-19T05:22:52.257Z-error: Cannot read properties of undefined (reading 'id')
2023-07-19T05:22:52.259Z-error: Cannot read properties of undefined (reading 'id')
2023-07-19T05:22:52.260Z-error: Cannot read properties of undefined (reading 'id')
2023-07-19T05:22:52.262Z-error: Cannot read properties of undefined (reading 'id')
2023-07-19T05:22:52.264Z-error: Cannot read properties of undefined (reading 'id')
2023-07-19T05:22:52.266Z-error: Cannot read properties of undefined (reading 'id')
2023-07-19T05:23:43.854Z-error: Record has not found yet
2023-07-19T05:23:43.861Z-error: Internal Server Error
2023-07-19T05:23:43.813Z-error: Internal Server Error
2023-07-19T05:23:43.844Z-error: Internal Server Error
2023-07-19T05:23:43.848Z-error: Cannot read properties of undefined (reading 'id')
2023-07-19T05:23:43.851Z-error: Cannot read properties of undefined (reading 'id')
2023-07-19T05:23:43.854Z-error: Cannot read properties of undefined (reading 'id')
2023-07-19T05:23:43.856Z-error: Cannot read properties of undefined (reading 'id')
2023-07-19T05:23:43.859Z-error: Cannot read properties of undefined (reading 'id')
2023-07-19T05:23:43.861Z-error: Cannot read properties of undefined (reading 'id')
2023-07-19T05:23:44.007Z-error: Internal Server Error
2023-07-19T05:23:44.019Z-error: Internal Server Error
2023-07-19T05:23:44.034Z-error: Cannot read properties of undefined (reading 'id')
2023-07-19T05:23:44.036Z-error: Cannot read properties of undefined (reading 'id')
2023-07-19T05:23:44.038Z-error: Cannot read properties of undefined (reading 'id')
2023-07-19T05:23:44.040Z-error: Cannot read properties of undefined (reading 'id')
2023-07-19T05:23:44.042Z-error: Cannot read properties of undefined (reading 'id')
2023-07-19T05:23:44.044Z-error: Cannot read properties of undefined (reading 'id')
2023-07-19T05:25:40.464Z-error: Record has not found yet
2023-07-19T05:25:40.474Z-error: Internal Server Error
2023-07-19T05:25:40.650Z-error: Internal Server Error
2023-07-19T05:25:40.671Z-error: Internal Server Error
2023-07-19T05:25:40.675Z-error: Cannot read properties of undefined (reading 'id')
2023-07-19T05:25:40.677Z-error: Cannot read properties of undefined (reading 'id')
2023-07-19T05:25:40.680Z-error: Cannot read properties of undefined (reading 'id')
2023-07-19T05:25:40.682Z-error: Cannot read properties of undefined (reading 'id')
2023-07-19T05:25:40.685Z-error: Cannot read properties of undefined (reading 'id')
2023-07-19T05:25:40.689Z-error: Cannot read properties of undefined (reading 'id')
2023-07-19T05:25:40.682Z-error: Internal Server Error
2023-07-19T05:25:40.696Z-error: Internal Server Error
2023-07-19T05:25:40.715Z-error: Cannot read properties of undefined (reading 'id')
2023-07-19T05:25:40.717Z-error: Cannot read properties of undefined (reading 'id')
2023-07-19T05:25:40.719Z-error: Cannot read properties of undefined (reading 'id')
2023-07-19T05:25:40.721Z-error: Cannot read properties of undefined (reading 'id')
2023-07-19T05:25:40.723Z-error: Cannot read properties of undefined (reading 'id')
2023-07-19T05:25:40.726Z-error: Cannot read properties of undefined (reading 'id')
2023-07-19T05:28:00.115Z-error: Record has not found yet
2023-07-19T05:28:00.125Z-error: Internal Server Error
2023-07-19T05:28:00.377Z-error: Internal Server Error
2023-07-19T05:28:00.395Z-error: Internal Server Error
2023-07-19T05:28:00.401Z-error: Cannot read properties of undefined (reading 'id')
2023-07-19T05:28:00.409Z-error: Cannot read properties of undefined (reading 'id')
2023-07-19T05:28:00.411Z-error: Cannot read properties of undefined (reading 'id')
2023-07-19T05:28:00.413Z-error: Cannot read properties of undefined (reading 'id')
2023-07-19T05:28:00.415Z-error: Cannot read properties of undefined (reading 'id')
2023-07-19T05:28:00.417Z-error: Cannot read properties of undefined (reading 'id')
2023-07-19T05:28:00.426Z-error: Internal Server Error
2023-07-19T05:28:00.438Z-error: Internal Server Error
2023-07-19T05:28:00.456Z-error: Cannot read properties of undefined (reading 'id')
2023-07-19T05:28:00.459Z-error: Cannot read properties of undefined (reading 'id')
2023-07-19T05:28:00.461Z-error: Cannot read properties of undefined (reading 'id')
2023-07-19T05:28:00.463Z-error: Cannot read properties of undefined (reading 'id')
2023-07-19T05:28:00.465Z-error: Cannot read properties of undefined (reading 'id')
2023-07-19T05:28:00.469Z-error: Cannot read properties of undefined (reading 'id')
2023-07-19T05:29:45.833Z-error: Internal Server Error
2023-07-19T05:29:45.857Z-error: Internal Server Error
2023-07-19T05:29:45.863Z-error: Cannot read properties of undefined (reading 'id')
2023-07-19T05:29:45.868Z-error: Cannot read properties of undefined (reading 'id')
2023-07-19T05:29:45.872Z-error: Cannot read properties of undefined (reading 'id')
2023-07-19T05:29:45.874Z-error: Cannot read properties of undefined (reading 'id')
2023-07-19T05:29:45.877Z-error: Cannot read properties of undefined (reading 'id')
2023-07-19T05:29:45.880Z-error: Cannot read properties of undefined (reading 'id')
2023-07-19T05:29:45.968Z-error: Record has not found yet
2023-07-19T05:29:45.976Z-error: Internal Server Error
2023-07-19T05:29:46.063Z-error: Internal Server Error
2023-07-19T05:29:46.074Z-error: Internal Server Error
2023-07-19T05:29:46.088Z-error: Cannot read properties of undefined (reading 'id')
2023-07-19T05:29:46.092Z-error: Cannot read properties of undefined (reading 'id')
2023-07-19T05:29:46.094Z-error: Cannot read properties of undefined (reading 'id')
2023-07-19T05:29:46.096Z-error: Cannot read properties of undefined (reading 'id')
2023-07-19T05:29:46.098Z-error: Cannot read properties of undefined (reading 'id')
2023-07-19T05:29:46.100Z-error: Cannot read properties of undefined (reading 'id')
2023-07-19T05:30:06.214Z-error: Internal Server Error
2023-07-19T05:30:06.240Z-error: Internal Server Error
2023-07-19T05:30:06.245Z-error: Cannot read properties of undefined (reading 'id')
2023-07-19T05:30:06.250Z-error: Cannot read properties of undefined (reading 'id')
2023-07-19T05:30:06.252Z-error: Cannot read properties of undefined (reading 'id')
2023-07-19T05:30:06.255Z-error: Cannot read properties of undefined (reading 'id')
2023-07-19T05:30:06.258Z-error: Cannot read properties of undefined (reading 'id')
2023-07-19T05:30:06.260Z-error: Cannot read properties of undefined (reading 'id')
2023-07-19T05:30:06.222Z-error: Internal Server Error
2023-07-19T05:30:06.233Z-error: Internal Server Error
2023-07-19T05:30:06.251Z-error: Cannot read properties of undefined (reading 'id')
2023-07-19T05:30:06.255Z-error: Cannot read properties of undefined (reading 'id')
2023-07-19T05:30:06.258Z-error: Cannot read properties of undefined (reading 'id')
2023-07-19T05:30:06.262Z-error: Cannot read properties of undefined (reading 'id')
2023-07-19T05:30:06.265Z-error: Cannot read properties of undefined (reading 'id')
2023-07-19T05:30:06.268Z-error: Cannot read properties of undefined (reading 'id')
2023-07-19T05:30:06.405Z-error: Record has not found yet
2023-07-19T05:30:06.452Z-error: Internal Server Error
2023-07-19T05:30:50.705Z-error: Internal Server Error
2023-07-19T05:30:50.730Z-error: Internal Server Error
2023-07-19T05:30:50.738Z-error: Cannot read properties of undefined (reading 'id')
2023-07-19T05:30:50.743Z-error: Cannot read properties of undefined (reading 'id')
2023-07-19T05:30:50.746Z-error: Cannot read properties of undefined (reading 'id')
2023-07-19T05:30:50.750Z-error: Cannot read properties of undefined (reading 'id')
2023-07-19T05:30:50.753Z-error: Cannot read properties of undefined (reading 'id')
2023-07-19T05:30:50.756Z-error: Cannot read properties of undefined (reading 'id')
2023-07-19T05:30:50.763Z-error: Internal Server Error
2023-07-19T05:30:50.773Z-error: Internal Server Error
2023-07-19T05:30:50.794Z-error: Cannot read properties of undefined (reading 'id')
2023-07-19T05:30:50.798Z-error: Cannot read properties of undefined (reading 'id')
2023-07-19T05:30:50.803Z-error: Cannot read properties of undefined (reading 'id')
2023-07-19T05:30:50.806Z-error: Cannot read properties of undefined (reading 'id')
2023-07-19T05:30:50.809Z-error: Cannot read properties of undefined (reading 'id')
2023-07-19T05:30:50.812Z-error: Cannot read properties of undefined (reading 'id')
2023-07-19T05:30:50.907Z-error: Record has not found yet
2023-07-19T05:30:50.917Z-error: Internal Server Error
2023-07-19T05:33:05.187Z-error: Record has not found yet
2023-07-19T05:33:05.195Z-error: Internal Server Error
2023-07-19T05:33:05.317Z-error: Internal Server Error
2023-07-19T05:33:05.344Z-error: Internal Server Error
2023-07-19T05:33:05.348Z-error: Cannot read properties of undefined (reading 'id')
2023-07-19T05:33:05.350Z-error: Cannot read properties of undefined (reading 'id')
2023-07-19T05:33:05.352Z-error: Cannot read properties of undefined (reading 'id')
2023-07-19T05:33:05.354Z-error: Cannot read properties of undefined (reading 'id')
2023-07-19T05:33:05.356Z-error: Cannot read properties of undefined (reading 'id')
2023-07-19T05:33:05.358Z-error: Cannot read properties of undefined (reading 'id')
2023-07-19T05:33:05.322Z-error: Internal Server Error
2023-07-19T05:33:05.335Z-error: Internal Server Error
2023-07-19T05:33:05.350Z-error: Cannot read properties of undefined (reading 'id')
2023-07-19T05:33:05.352Z-error: Cannot read properties of undefined (reading 'id')
2023-07-19T05:33:05.354Z-error: Cannot read properties of undefined (reading 'id')
2023-07-19T05:33:05.356Z-error: Cannot read properties of undefined (reading 'id')
2023-07-19T05:33:05.358Z-error: Cannot read properties of undefined (reading 'id')
2023-07-19T05:33:05.359Z-error: Cannot read properties of undefined (reading 'id')
2023-07-19T05:37:06.423Z-error: Record has not found yet
2023-07-19T05:37:06.436Z-error: Internal Server Error
2023-07-19T05:37:06.309Z-error: Internal Server Error
2023-07-19T05:37:06.341Z-error: Internal Server Error
2023-07-19T05:37:06.349Z-error: Cannot read properties of undefined (reading 'id')
2023-07-19T05:37:06.352Z-error: Cannot read properties of undefined (reading 'id')
2023-07-19T05:37:06.355Z-error: Cannot read properties of undefined (reading 'id')
2023-07-19T05:37:06.357Z-error: Cannot read properties of undefined (reading 'id')
2023-07-19T05:37:06.362Z-error: Cannot read properties of undefined (reading 'id')
2023-07-19T05:37:06.364Z-error: Cannot read properties of undefined (reading 'id')
2023-07-19T05:37:06.656Z-error: Internal Server Error
2023-07-19T05:37:06.671Z-error: Internal Server Error
2023-07-19T05:37:06.684Z-error: Cannot read properties of undefined (reading 'id')
2023-07-19T05:37:06.686Z-error: Cannot read properties of undefined (reading 'id')
2023-07-19T05:37:06.688Z-error: Cannot read properties of undefined (reading 'id')
2023-07-19T05:37:06.689Z-error: Cannot read properties of undefined (reading 'id')
2023-07-19T05:37:06.692Z-error: Cannot read properties of undefined (reading 'id')
2023-07-19T05:37:06.694Z-error: Cannot read properties of undefined (reading 'id')
2023-07-19T05:37:53.931Z-error: Internal Server Error
2023-07-19T05:37:53.960Z-error: Internal Server Error
2023-07-19T05:37:53.968Z-error: Cannot read properties of undefined (reading 'id')
2023-07-19T05:37:53.971Z-error: Cannot read properties of undefined (reading 'id')
2023-07-19T05:37:53.976Z-error: Cannot read properties of undefined (reading 'id')
2023-07-19T05:37:53.979Z-error: Cannot read properties of undefined (reading 'id')
2023-07-19T05:37:53.982Z-error: Cannot read properties of undefined (reading 'id')
2023-07-19T05:37:53.989Z-error: Cannot read properties of undefined (reading 'id')
2023-07-19T05:37:54.069Z-error: Record has not found yet
2023-07-19T05:37:54.077Z-error: Internal Server Error
2023-07-19T05:37:54.188Z-error: Internal Server Error
2023-07-19T05:37:54.201Z-error: Internal Server Error
2023-07-19T05:37:54.218Z-error: Cannot read properties of undefined (reading 'id')
2023-07-19T05:37:54.220Z-error: Cannot read properties of undefined (reading 'id')
2023-07-19T05:37:54.223Z-error: Cannot read properties of undefined (reading 'id')
2023-07-19T05:37:54.225Z-error: Cannot read properties of undefined (reading 'id')
2023-07-19T05:37:54.227Z-error: Cannot read properties of undefined (reading 'id')
2023-07-19T05:37:54.229Z-error: Cannot read properties of undefined (reading 'id')
2023-07-19T05:38:12.677Z-error: Internal Server Error
2023-07-19T05:38:12.714Z-error: Internal Server Error
2023-07-19T05:38:12.738Z-error: Cannot read properties of undefined (reading 'id')
2023-07-19T05:38:12.742Z-error: Cannot read properties of undefined (reading 'id')
2023-07-19T05:38:12.744Z-error: Cannot read properties of undefined (reading 'id')
2023-07-19T05:38:12.751Z-error: Cannot read properties of undefined (reading 'id')
2023-07-19T05:38:12.753Z-error: Cannot read properties of undefined (reading 'id')
2023-07-19T05:38:12.756Z-error: Cannot read properties of undefined (reading 'id')
2023-07-19T05:38:12.707Z-error: Internal Server Error
2023-07-19T05:38:12.743Z-error: Internal Server Error
2023-07-19T05:38:12.751Z-error: Cannot read properties of undefined (reading 'id')
2023-07-19T05:38:12.754Z-error: Cannot read properties of undefined (reading 'id')
2023-07-19T05:38:12.757Z-error: Cannot read properties of undefined (reading 'id')
2023-07-19T05:38:12.761Z-error: Cannot read properties of undefined (reading 'id')
2023-07-19T05:38:12.765Z-error: Cannot read properties of undefined (reading 'id')
2023-07-19T05:38:12.768Z-error: Cannot read properties of undefined (reading 'id')
2023-07-19T05:38:12.889Z-error: Record has not found yet
2023-07-19T05:38:12.901Z-error: Internal Server Error
2023-07-19T05:43:19.235Z-error: Record has not found yet
2023-07-19T05:43:19.244Z-error: Internal Server Error
2023-07-19T05:43:19.419Z-error: Internal Server Error
2023-07-19T05:43:19.443Z-error: Internal Server Error
2023-07-19T05:43:19.447Z-error: Cannot read properties of undefined (reading 'id')
2023-07-19T05:43:19.451Z-error: Cannot read properties of undefined (reading 'id')
2023-07-19T05:43:19.454Z-error: Cannot read properties of undefined (reading 'id')
2023-07-19T05:43:19.456Z-error: Cannot read properties of undefined (reading 'id')
2023-07-19T05:43:19.459Z-error: Cannot read properties of undefined (reading 'id')
2023-07-19T05:43:19.461Z-error: Cannot read properties of undefined (reading 'id')
2023-07-19T05:43:19.427Z-error: Internal Server Error
2023-07-19T05:43:19.437Z-error: Internal Server Error
2023-07-19T05:43:19.454Z-error: Cannot read properties of undefined (reading 'id')
2023-07-19T05:43:19.460Z-error: Cannot read properties of undefined (reading 'id')
2023-07-19T05:43:19.462Z-error: Cannot read properties of undefined (reading 'id')
2023-07-19T05:43:19.464Z-error: Cannot read properties of undefined (reading 'id')
2023-07-19T05:43:19.466Z-error: Cannot read properties of undefined (reading 'id')
2023-07-19T05:43:19.467Z-error: Cannot read properties of undefined (reading 'id')
2023-07-19T05:44:04.429Z-error: Record has not found yet
2023-07-19T05:44:04.442Z-error: Internal Server Error
2023-07-19T05:44:04.689Z-error: Internal Server Error
2023-07-19T05:44:04.701Z-error: Internal Server Error
2023-07-19T05:44:04.717Z-error: Cannot read properties of undefined (reading 'id')
2023-07-19T05:44:04.719Z-error: Cannot read properties of undefined (reading 'id')
2023-07-19T05:44:04.722Z-error: Cannot read properties of undefined (reading 'id')
2023-07-19T05:44:04.724Z-error: Cannot read properties of undefined (reading 'id')
2023-07-19T05:44:04.726Z-error: Cannot read properties of undefined (reading 'id')
2023-07-19T05:44:04.728Z-error: Cannot read properties of undefined (reading 'id')
2023-07-19T05:44:04.723Z-error: Internal Server Error
2023-07-19T05:44:04.748Z-error: Internal Server Error
2023-07-19T05:44:04.752Z-error: Cannot read properties of undefined (reading 'id')
2023-07-19T05:44:04.754Z-error: Cannot read properties of undefined (reading 'id')
2023-07-19T05:44:04.756Z-error: Cannot read properties of undefined (reading 'id')
2023-07-19T05:44:04.759Z-error: Cannot read properties of undefined (reading 'id')
2023-07-19T05:44:04.761Z-error: Cannot read properties of undefined (reading 'id')
2023-07-19T05:44:04.762Z-error: Cannot read properties of undefined (reading 'id')
2023-07-19T05:45:42.772Z-error: Record has not found yet
2023-07-19T05:45:42.782Z-error: Internal Server Error
2023-07-19T05:45:43.027Z-error: Internal Server Error
2023-07-19T05:45:43.046Z-error: Internal Server Error
2023-07-19T05:45:43.050Z-error: Cannot read properties of undefined (reading 'id')
2023-07-19T05:45:43.054Z-error: Cannot read properties of undefined (reading 'id')
2023-07-19T05:45:43.057Z-error: Cannot read properties of undefined (reading 'id')
2023-07-19T05:45:43.060Z-error: Cannot read properties of undefined (reading 'id')
2023-07-19T05:45:43.063Z-error: Cannot read properties of undefined (reading 'id')
2023-07-19T05:45:43.066Z-error: Cannot read properties of undefined (reading 'id')
2023-07-19T05:45:43.065Z-error: Internal Server Error
2023-07-19T05:45:43.078Z-error: Internal Server Error
2023-07-19T05:45:43.092Z-error: Cannot read properties of undefined (reading 'id')
2023-07-19T05:45:43.097Z-error: Cannot read properties of undefined (reading 'id')
2023-07-19T05:45:43.099Z-error: Cannot read properties of undefined (reading 'id')
2023-07-19T05:45:43.101Z-error: Cannot read properties of undefined (reading 'id')
2023-07-19T05:45:43.104Z-error: Cannot read properties of undefined (reading 'id')
2023-07-19T05:45:43.108Z-error: Cannot read properties of undefined (reading 'id')
2023-07-19T05:46:38.141Z-error: Record has not found yet
2023-07-19T05:46:38.151Z-error: Internal Server Error
2023-07-19T05:46:38.348Z-error: Internal Server Error
2023-07-19T05:46:38.360Z-error: Internal Server Error
2023-07-19T05:46:38.377Z-error: Cannot read properties of undefined (reading 'id')
2023-07-19T05:46:38.379Z-error: Cannot read properties of undefined (reading 'id')
2023-07-19T05:46:38.381Z-error: Cannot read properties of undefined (reading 'id')
2023-07-19T05:46:38.384Z-error: Cannot read properties of undefined (reading 'id')
2023-07-19T05:46:38.387Z-error: Cannot read properties of undefined (reading 'id')
2023-07-19T05:46:38.389Z-error: Cannot read properties of undefined (reading 'id')
2023-07-19T05:46:38.366Z-error: Internal Server Error
2023-07-19T05:46:38.393Z-error: Internal Server Error
2023-07-19T05:46:38.398Z-error: Cannot read properties of undefined (reading 'id')
2023-07-19T05:46:38.399Z-error: Cannot read properties of undefined (reading 'id')
2023-07-19T05:46:38.401Z-error: Cannot read properties of undefined (reading 'id')
2023-07-19T05:46:38.403Z-error: Cannot read properties of undefined (reading 'id')
2023-07-19T05:46:38.405Z-error: Cannot read properties of undefined (reading 'id')
2023-07-19T05:46:38.407Z-error: Cannot read properties of undefined (reading 'id')
2023-07-19T05:47:28.447Z-error: Internal Server Error
2023-07-19T05:47:28.460Z-error: Internal Server Error
2023-07-19T05:47:28.478Z-error: Cannot read properties of undefined (reading 'id')
2023-07-19T05:47:28.480Z-error: Cannot read properties of undefined (reading 'id')
2023-07-19T05:47:28.484Z-error: Cannot read properties of undefined (reading 'id')
2023-07-19T05:47:28.487Z-error: Cannot read properties of undefined (reading 'id')
2023-07-19T05:47:28.490Z-error: Cannot read properties of undefined (reading 'id')
2023-07-19T05:47:28.495Z-error: Cannot read properties of undefined (reading 'id')
2023-07-19T05:47:28.586Z-error: Record has not found yet
2023-07-19T05:47:28.593Z-error: Internal Server Error
2023-07-19T05:49:04.707Z-error: Record has not found yet
2023-07-19T05:49:04.715Z-error: Internal Server Error
2023-07-19T05:49:04.901Z-error: Internal Server Error
2023-07-19T05:49:04.908Z-error: Internal Server Error
2023-07-19T05:49:04.927Z-error: Cannot read properties of undefined (reading 'id')
2023-07-19T05:49:04.930Z-error: Cannot read properties of undefined (reading 'id')
2023-07-19T05:49:04.932Z-error: Cannot read properties of undefined (reading 'id')
2023-07-19T05:49:04.933Z-error: Cannot read properties of undefined (reading 'id')
2023-07-19T05:49:04.935Z-error: Cannot read properties of undefined (reading 'id')
2023-07-19T05:49:04.938Z-error: Cannot read properties of undefined (reading 'id')
2023-07-19T05:50:14.327Z-error: Record has not found yet
2023-07-19T05:50:14.333Z-error: Internal Server Error
2023-07-19T05:50:14.473Z-error: Internal Server Error
2023-07-19T05:50:14.483Z-error: Internal Server Error
2023-07-19T05:50:14.503Z-error: Cannot read properties of undefined (reading 'id')
2023-07-19T05:50:14.507Z-error: Cannot read properties of undefined (reading 'id')
2023-07-19T05:50:14.509Z-error: Cannot read properties of undefined (reading 'id')
2023-07-19T05:50:14.511Z-error: Cannot read properties of undefined (reading 'id')
2023-07-19T05:50:14.512Z-error: Cannot read properties of undefined (reading 'id')
2023-07-19T05:50:14.515Z-error: Cannot read properties of undefined (reading 'id')
2023-07-19T05:50:31.191Z-error: Internal Server Error
2023-07-19T05:50:31.203Z-error: Internal Server Error
2023-07-19T05:50:31.221Z-error: Cannot read properties of undefined (reading 'id')
2023-07-19T05:50:31.224Z-error: Cannot read properties of undefined (reading 'id')
2023-07-19T05:50:31.226Z-error: Cannot read properties of undefined (reading 'id')
2023-07-19T05:50:31.229Z-error: Cannot read properties of undefined (reading 'id')
2023-07-19T05:50:31.232Z-error: Cannot read properties of undefined (reading 'id')
2023-07-19T05:50:31.235Z-error: Cannot read properties of undefined (reading 'id')
2023-07-19T05:50:31.316Z-error: Record has not found yet
2023-07-19T05:50:31.322Z-error: Internal Server Error
2023-07-19T05:51:04.358Z-error: Record has not found yet
2023-07-19T05:51:04.368Z-error: Internal Server Error
2023-07-19T05:51:04.588Z-error: Internal Server Error
2023-07-19T05:51:04.596Z-error: Internal Server Error
2023-07-19T05:51:04.602Z-error: Cannot read properties of undefined (reading 'id')
2023-07-19T05:51:04.605Z-error: Cannot read properties of undefined (reading 'id')
2023-07-19T05:51:04.607Z-error: Cannot read properties of undefined (reading 'id')
2023-07-19T05:51:04.609Z-error: Cannot read properties of undefined (reading 'id')
2023-07-19T05:51:04.611Z-error: Cannot read properties of undefined (reading 'id')
2023-07-19T05:51:04.612Z-error: Cannot read properties of undefined (reading 'id')
2023-07-19T05:55:07.203Z-error: Internal Server Error
2023-07-19T05:55:07.212Z-error: Internal Server Error
2023-07-19T05:55:07.221Z-error: Cannot read properties of undefined (reading 'id')
2023-07-19T05:55:07.225Z-error: Cannot read properties of undefined (reading 'id')
2023-07-19T05:55:07.227Z-error: Cannot read properties of undefined (reading 'id')
2023-07-19T05:55:07.228Z-error: Cannot read properties of undefined (reading 'id')
2023-07-19T05:55:07.230Z-error: Cannot read properties of undefined (reading 'id')
2023-07-19T05:55:07.233Z-error: Cannot read properties of undefined (reading 'id')
2023-07-19T05:55:07.444Z-error: Record has not found yet
2023-07-19T05:55:07.450Z-error: Internal Server Error
2023-07-19T05:55:51.791Z-error: Record has not found yet
2023-07-19T05:55:51.799Z-error: Internal Server Error
2023-07-19T05:55:52.027Z-error: Internal Server Error
2023-07-19T05:55:52.034Z-error: Internal Server Error
2023-07-19T05:55:52.040Z-error: Cannot read properties of undefined (reading 'id')
2023-07-19T05:55:52.046Z-error: Cannot read properties of undefined (reading 'id')
2023-07-19T05:55:52.048Z-error: Cannot read properties of undefined (reading 'id')
2023-07-19T05:55:52.050Z-error: Cannot read properties of undefined (reading 'id')
2023-07-19T05:55:52.052Z-error: Cannot read properties of undefined (reading 'id')
2023-07-19T05:55:52.054Z-error: Cannot read properties of undefined (reading 'id')
2023-07-19T05:56:09.319Z-error: Internal Server Error
2023-07-19T05:56:09.325Z-error: Internal Server Error
2023-07-19T05:56:09.333Z-error: Cannot read properties of undefined (reading 'id')
2023-07-19T05:56:09.337Z-error: Cannot read properties of undefined (reading 'id')
2023-07-19T05:56:09.339Z-error: Cannot read properties of undefined (reading 'id')
2023-07-19T05:56:09.340Z-error: Cannot read properties of undefined (reading 'id')
2023-07-19T05:56:09.343Z-error: Cannot read properties of undefined (reading 'id')
2023-07-19T05:56:09.349Z-error: Cannot read properties of undefined (reading 'id')
2023-07-19T05:56:09.404Z-error: Record has not found yet
2023-07-19T05:56:09.413Z-error: Internal Server Error
2023-07-19T05:57:48.202Z-error: Record has not found yet
2023-07-19T05:57:48.209Z-error: Internal Server Error
2023-07-19T05:57:48.319Z-error: Internal Server Error
2023-07-19T05:57:48.326Z-error: Internal Server Error
2023-07-19T05:57:48.329Z-error: Cannot read properties of undefined (reading 'id')
2023-07-19T05:57:48.333Z-error: Cannot read properties of undefined (reading 'id')
2023-07-19T05:57:48.335Z-error: Cannot read properties of undefined (reading 'id')
2023-07-19T05:57:48.338Z-error: Cannot read properties of undefined (reading 'id')
2023-07-19T05:57:48.340Z-error: Cannot read properties of undefined (reading 'id')
2023-07-19T05:57:48.342Z-error: Cannot read properties of undefined (reading 'id')
2023-07-19T06:00:31.876Z-error: Record has not found yet
2023-07-19T06:00:31.885Z-error: Internal Server Error
2023-07-19T06:00:31.994Z-error: Internal Server Error
2023-07-19T06:00:32.002Z-error: Internal Server Error
2023-07-19T06:00:32.005Z-error: Internal Server Error
2023-07-19T06:00:32.020Z-error: Internal Server Error
2023-07-19T06:00:32.027Z-error: Internal Server Error
2023-07-19T06:02:32.192Z-error: Record has not found yet
2023-07-19T06:02:32.200Z-error: Internal Server Error
2023-07-19T06:02:32.280Z-error: Internal Server Error
2023-07-19T06:02:32.288Z-error: Internal Server Error
2023-07-19T06:02:32.292Z-error: Internal Server Error
2023-07-19T06:08:56.111Z-error: Internal Server Error
2023-07-19T06:08:56.123Z-error: Internal Server Error
2023-07-19T06:08:56.127Z-error: Internal Server Error
2023-07-19T06:08:56.298Z-error: Record has not found yet
2023-07-19T06:08:56.305Z-error: Internal Server Error
